<?xml version="1.0" encoding="UTF-8"?>
<testsuite xmlns:xsi="http://www.w3.org/2001/XMLSchema-instance" xsi:noNamespaceSchemaLocation="https://maven.apache.org/surefire/maven-surefire-plugin/xsd/surefire-test-report.xsd" version="3.0.2" name="com.openclassrooms.medilabo.patientui.PatientuiApplicationTests" time="1.123" tests="1" errors="0" skipped="0" failures="0">
  <properties>
[...]
</properties>
  <testcase name="contextLoads" classname="com.openclassrooms.medilabo.patientui.PatientuiApplicationTests" time="0.303">
    <system-out><![CDATA[16:03:02.189 [main] INFO org.springframework.test.context.support.AnnotationConfigContextLoaderUtils -- Could not detect default configuration classes for test class [com.openclassrooms.medilabo.patientui.PatientuiApplicationTests]: PatientuiApplicationTests does not declare any static, non-private, non-final, nested classes annotated with @Configuration.
16:03:02.233 [main] INFO org.springframework.boot.test.context.SpringBootTestContextBootstrapper -- Found @SpringBootConfiguration com.openclassrooms.medilabo.patientui.PatientuiApplication for test class com.openclassrooms.medilabo.patientui.PatientuiApplicationTests

  .   ____          _            __ _ _
 /\\ / ___'_ __ _ _(_)_ __  __ _ \ \ \ \
( ( )\___ | '_ | '_| | '_ \/ _` | \ \ \ \
 \\/  ___)| |_)| | | | | || (_| |  ) ) ) )
  '  |____| .__|_| |_|_| |_\__, | / / / /
 =========|_|==============|___/=/_/_/_/

 :: Spring Boot ::                (v3.5.5)

2025-10-08T16:03:02.474+02:00  INFO 9002 --- [medilabo-ui-service] [           main] c.o.m.p.PatientuiApplicationTests        : Starting PatientuiApplicationTests using Java 21.0.6 with PID 9002 (started by maxence in /Users/maxence/Codage/CodeOpenClassRooms/Projet-9-openclassrooms/medilabo-patientui)
2025-10-08T16:03:02.475+02:00  INFO 9002 --- [medilabo-ui-service] [           main] c.o.m.p.PatientuiApplicationTests        : No active profile set, falling back to 1 default profile: "default"
2025-10-08T16:03:02.711+02:00  INFO 9002 --- [medilabo-ui-service] [           main] o.s.cloud.context.scope.GenericScope     : BeanFactory id=08587fd0-be6e-30c2-8636-06905472092b
2025-10-08T16:03:02.953+02:00  INFO 9002 --- [medilabo-ui-service] [           main] c.o.m.p.PatientuiApplicationTests        : Started PatientuiApplicationTests in 0.575 seconds (process running for 0.992)
]]></system-out>
    <system-err><![CDATA[Mockito is currently self-attaching to enable the inline-mock-maker. This will no longer work in future releases of the JDK. Please add Mockito as an agent to your build as described in Mockito's documentation: https://javadoc.io/doc/org.mockito/mockito-core/latest/org.mockito/org/mockito/Mockito.html#0.3
WARNING: A Java agent has been loaded dynamically (/Users/maxence/.m2/repository/net/bytebuddy/byte-buddy-agent/1.17.7/byte-buddy-agent-1.17.7.jar)
WARNING: If a serviceability tool is in use, please run with -XX:+EnableDynamicAgentLoading to hide this warning
WARNING: If a serviceability tool is not in use, please run with -Djdk.instrument.traceUsage for more information
WARNING: Dynamic loading of agents will be disallowed by default in a future release
]]></system-err>
  </testcase>
</testsuite>