<?xml version="1.0" encoding="UTF-8"?>
<testsuite xmlns:xsi="http://www.w3.org/2001/XMLSchema-instance" xsi:noNamespaceSchemaLocation="https://maven.apache.org/surefire/maven-surefire-plugin/xsd/surefire-test-report.xsd" version="3.0.2" name="com.openclassrooms.medilabo.risk_diabetes.service.DiabetesServiceTest" time="0.007" tests="8" errors="0" skipped="0" failures="0">
  <properties>
[...]
</properties>
  <testcase name="testMaleUnder30_InDanger" classname="com.openclassrooms.medilabo.risk_diabetes.service.DiabetesServiceTest" time="0.003"/>
  <testcase name="testOver30_Borderline" classname="com.openclassrooms.medilabo.risk_diabetes.service.DiabetesServiceTest" time="0.001"/>
  <testcase name="testMaleUnder30_EarlyOnset" classname="com.openclassrooms.medilabo.risk_diabetes.service.DiabetesServiceTest" time="0.001"/>
  <testcase name="testOver30_InDanger" classname="com.openclassrooms.medilabo.risk_diabetes.service.DiabetesServiceTest" time="0.001"/>
  <testcase name="testOver30_EarlyOnset" classname="com.openclassrooms.medilabo.risk_diabetes.service.DiabetesServiceTest" time="0.0"/>
  <testcase name="testFemaleUnder30_EarlyOnset" classname="com.openclassrooms.medilabo.risk_diabetes.service.DiabetesServiceTest" time="0.001"/>
  <testcase name="testNoneCases" classname="com.openclassrooms.medilabo.risk_diabetes.service.DiabetesServiceTest" time="0.0"/>
  <testcase name="testFemaleUnder30_InDanger" classname="com.openclassrooms.medilabo.risk_diabetes.service.DiabetesServiceTest" time="0.0"/>
</testsuite>